<?xml version="1.0" encoding="UTF-8"?>
<testsuite name="com.clholdings.pass_shoot.springboot.web.IndexControllerTest" tests="1" skipped="0" failures="0" errors="0" timestamp="2021-04-26T03:41:01" hostname="DESKTOP-4PEE67V" time="0.685">
  <properties/>
  <testcase name="메인페이지_로딩()" classname="com.clholdings.pass_shoot.springboot.web.IndexControllerTest" time="0.685"/>
  <system-out><![CDATA[2021-04-26 12:41:01.206  INFO 13124 --- [    Test worker] .b.t.c.SpringBootTestContextBootstrapper : Neither @ContextConfiguration nor @ContextHierarchy found for test class [com.clholdings.pass_shoot.springboot.web.IndexControllerTest], using SpringBootContextLoader
2021-04-26 12:41:01.209  INFO 13124 --- [    Test worker] o.s.t.c.support.AbstractContextLoader    : Could not detect default resource locations for test class [com.clholdings.pass_shoot.springboot.web.IndexControllerTest]: no resource found for suffixes {-context.xml, Context.groovy}.
2021-04-26 12:41:01.210  INFO 13124 --- [    Test worker] t.c.s.AnnotationConfigContextLoaderUtils : Could not detect default configuration classes for test class [com.clholdings.pass_shoot.springboot.web.IndexControllerTest]: IndexControllerTest does not declare any static, non-private, non-final, nested classes annotated with @Configuration.
2021-04-26 12:41:01.214  INFO 13124 --- [    Test worker] .b.t.c.SpringBootTestContextBootstrapper : Found @SpringBootConfiguration com.clholdings.pass_shoot.springboot.Application for test class com.clholdings.pass_shoot.springboot.web.IndexControllerTest
2021-04-26 12:41:01.219  INFO 13124 --- [    Test worker] .b.t.c.SpringBootTestContextBootstrapper : Loaded default TestExecutionListener class names from location [META-INF/spring.factories]: [org.springframework.security.test.context.support.WithSecurityContextTestExecutionListener, org.springframework.security.test.context.support.ReactorContextTestExecutionListener, org.springframework.boot.test.autoconfigure.restdocs.RestDocsTestExecutionListener, org.springframework.boot.test.autoconfigure.web.client.MockRestServiceServerResetTestExecutionListener, org.springframework.boot.test.autoconfigure.web.servlet.MockMvcPrintOnlyOnFailureTestExecutionListener, org.springframework.boot.test.autoconfigure.web.servlet.WebDriverTestExecutionListener, org.springframework.boot.test.autoconfigure.webservices.client.MockWebServiceServerTestExecutionListener, org.springframework.boot.test.mock.mockito.MockitoTestExecutionListener, org.springframework.boot.test.mock.mockito.ResetMocksTestExecutionListener, org.springframework.test.context.web.ServletTestExecutionListener, org.springframework.test.context.support.DirtiesContextBeforeModesTestExecutionListener, org.springframework.test.context.support.DependencyInjectionTestExecutionListener, org.springframework.test.context.support.DirtiesContextTestExecutionListener, org.springframework.test.context.transaction.TransactionalTestExecutionListener, org.springframework.test.context.jdbc.SqlScriptsTestExecutionListener, org.springframework.test.context.event.EventPublishingTestExecutionListener]
2021-04-26 12:41:01.223  INFO 13124 --- [    Test worker] .b.t.c.SpringBootTestContextBootstrapper : Using TestExecutionListeners: [org.springframework.test.context.web.ServletTestExecutionListener@1e60f94e, org.springframework.test.context.support.DirtiesContextBeforeModesTestExecutionListener@1243d39b, org.springframework.boot.test.mock.mockito.MockitoTestExecutionListener@55d2aa2e, org.springframework.boot.test.autoconfigure.SpringBootDependencyInjectionTestExecutionListener@1c333d0f, org.springframework.test.context.support.DirtiesContextTestExecutionListener@5001d4e, org.springframework.test.context.transaction.TransactionalTestExecutionListener@953d97e, org.springframework.test.context.jdbc.SqlScriptsTestExecutionListener@491081a0, org.springframework.security.test.context.support.WithSecurityContextTestExecutionListener@4c4e06c8, org.springframework.test.context.event.EventPublishingTestExecutionListener@49218862, org.springframework.security.test.context.support.ReactorContextTestExecutionListener@5e2e2011, org.springframework.boot.test.autoconfigure.restdocs.RestDocsTestExecutionListener@137eb7f5, org.springframework.boot.test.autoconfigure.web.client.MockRestServiceServerResetTestExecutionListener@2f3a8b14, org.springframework.boot.test.autoconfigure.web.servlet.MockMvcPrintOnlyOnFailureTestExecutionListener@6a9d7409, org.springframework.boot.test.autoconfigure.web.servlet.WebDriverTestExecutionListener@459cefe3, org.springframework.boot.test.autoconfigure.webservices.client.MockWebServiceServerTestExecutionListener@23bb29ba, org.springframework.boot.test.mock.mockito.ResetMocksTestExecutionListener@582264f2]
2021-04-26 12:41:01.682  INFO 13124 --- [o-auto-1-exec-1] o.a.c.c.C.[Tomcat].[localhost].[/]       : Initializing Spring DispatcherServlet 'dispatcherServlet'
2021-04-26 12:41:01.683  INFO 13124 --- [o-auto-1-exec-1] o.s.web.servlet.DispatcherServlet        : Initializing Servlet 'dispatcherServlet'
2021-04-26 12:41:01.684  INFO 13124 --- [o-auto-1-exec-1] o.s.web.servlet.DispatcherServlet        : Completed initialization in 1 ms
Hibernate: select posts0_.id as id1_0_, posts0_.created_date as created_2_0_, posts0_.modified_date as modified3_0_, posts0_.author as author4_0_, posts0_.content as content5_0_, posts0_.title as title6_0_ from posts posts0_ order by posts0_.id DESC
]]></system-out>
  <system-err><![CDATA[]]></system-err>
</testsuite>
