<?xml version="1.0" encoding="UTF-8"?>
<testsuite name="com.clholdings.pass_shoot.springboot.web.HelloControllerTest" tests="2" skipped="0" failures="0" errors="0" timestamp="2021-04-26T08:02:50" hostname="DESKTOP-4PEE67V" time="1.673">
  <properties/>
  <testcase name="hello가_리턴된다()" classname="com.clholdings.pass_shoot.springboot.web.HelloControllerTest" time="1.307"/>
  <testcase name="helloDto가_리턴된다()" classname="com.clholdings.pass_shoot.springboot.web.HelloControllerTest" time="0.362"/>
  <system-out><![CDATA[2021-04-26 17:02:46.588  INFO 8048 --- [    Test worker] .b.t.a.w.s.WebMvcTestContextBootstrapper : Neither @ContextConfiguration nor @ContextHierarchy found for test class [com.clholdings.pass_shoot.springboot.web.HelloControllerTest], using SpringBootContextLoader
2021-04-26 17:02:46.595  INFO 8048 --- [    Test worker] o.s.t.c.support.AbstractContextLoader    : Could not detect default resource locations for test class [com.clholdings.pass_shoot.springboot.web.HelloControllerTest]: no resource found for suffixes {-context.xml, Context.groovy}.
2021-04-26 17:02:46.599  INFO 8048 --- [    Test worker] t.c.s.AnnotationConfigContextLoaderUtils : Could not detect default configuration classes for test class [com.clholdings.pass_shoot.springboot.web.HelloControllerTest]: HelloControllerTest does not declare any static, non-private, non-final, nested classes annotated with @Configuration.
2021-04-26 17:02:46.697  INFO 8048 --- [    Test worker] .b.t.c.SpringBootTestContextBootstrapper : Found @SpringBootConfiguration com.clholdings.pass_shoot.springboot.Application for test class com.clholdings.pass_shoot.springboot.web.HelloControllerTest
2021-04-26 17:02:46.702  INFO 8048 --- [    Test worker] .b.t.a.w.s.WebMvcTestContextBootstrapper : Loaded default TestExecutionListener class names from location [META-INF/spring.factories]: [org.springframework.security.test.context.support.WithSecurityContextTestExecutionListener, org.springframework.security.test.context.support.ReactorContextTestExecutionListener, org.springframework.boot.test.autoconfigure.restdocs.RestDocsTestExecutionListener, org.springframework.boot.test.autoconfigure.web.client.MockRestServiceServerResetTestExecutionListener, org.springframework.boot.test.autoconfigure.web.servlet.MockMvcPrintOnlyOnFailureTestExecutionListener, org.springframework.boot.test.autoconfigure.web.servlet.WebDriverTestExecutionListener, org.springframework.boot.test.autoconfigure.webservices.client.MockWebServiceServerTestExecutionListener, org.springframework.boot.test.mock.mockito.MockitoTestExecutionListener, org.springframework.boot.test.mock.mockito.ResetMocksTestExecutionListener, org.springframework.test.context.web.ServletTestExecutionListener, org.springframework.test.context.support.DirtiesContextBeforeModesTestExecutionListener, org.springframework.test.context.support.DependencyInjectionTestExecutionListener, org.springframework.test.context.support.DirtiesContextTestExecutionListener, org.springframework.test.context.transaction.TransactionalTestExecutionListener, org.springframework.test.context.jdbc.SqlScriptsTestExecutionListener, org.springframework.test.context.event.EventPublishingTestExecutionListener]
2021-04-26 17:02:46.707  INFO 8048 --- [    Test worker] .b.t.a.w.s.WebMvcTestContextBootstrapper : Using TestExecutionListeners: [org.springframework.test.context.web.ServletTestExecutionListener@5d86f300, org.springframework.test.context.support.DirtiesContextBeforeModesTestExecutionListener@10e913bf, org.springframework.boot.test.mock.mockito.MockitoTestExecutionListener@bd129fb, org.springframework.boot.test.autoconfigure.SpringBootDependencyInjectionTestExecutionListener@3a737b05, org.springframework.test.context.support.DirtiesContextTestExecutionListener@500781b8, org.springframework.test.context.transaction.TransactionalTestExecutionListener@82b04ec, org.springframework.test.context.jdbc.SqlScriptsTestExecutionListener@ab77ae3, org.springframework.security.test.context.support.WithSecurityContextTestExecutionListener@2b3d93e3, org.springframework.test.context.event.EventPublishingTestExecutionListener@47dbcd7d, org.springframework.security.test.context.support.ReactorContextTestExecutionListener@1707ad0e, org.springframework.boot.test.autoconfigure.restdocs.RestDocsTestExecutionListener@2656bd6f, org.springframework.boot.test.autoconfigure.web.client.MockRestServiceServerResetTestExecutionListener@61b380cd, org.springframework.boot.test.autoconfigure.web.servlet.MockMvcPrintOnlyOnFailureTestExecutionListener@789a09a3, org.springframework.boot.test.autoconfigure.web.servlet.WebDriverTestExecutionListener@525fb463, org.springframework.boot.test.autoconfigure.webservices.client.MockWebServiceServerTestExecutionListener@41f1d682, org.springframework.boot.test.mock.mockito.ResetMocksTestExecutionListener@3c399399]

  .   ____          _            __ _ _
 /\\ / ___'_ __ _ _(_)_ __  __ _ \ \ \ \
( ( )\___ | '_ | '_| | '_ \/ _` | \ \ \ \
 \\/  ___)| |_)| | | | | || (_| |  ) ) ) )
  '  |____| .__|_| |_|_| |_\__, | / / / /
 =========|_|==============|___/=/_/_/_/
 :: Spring Boot ::                (v2.4.1)

2021-04-26 17:02:46.826  INFO 8048 --- [    Test worker] c.c.p.s.web.HelloControllerTest          : Starting HelloControllerTest using Java 1.8.0_261 on DESKTOP-4PEE67V with PID 8048 (started by ydbon in C:\Users\ydbon\IdeaProjects)
2021-04-26 17:02:46.831  INFO 8048 --- [    Test worker] c.c.p.s.web.HelloControllerTest          : No active profile set, falling back to default profiles: default
2021-04-26 17:02:48.371  INFO 8048 --- [    Test worker] o.s.s.concurrent.ThreadPoolTaskExecutor  : Initializing ExecutorService 'applicationTaskExecutor'
2021-04-26 17:02:48.523  INFO 8048 --- [    Test worker] o.s.b.a.w.s.WelcomePageHandlerMapping    : Adding welcome page template: index
2021-04-26 17:02:49.993  INFO 8048 --- [    Test worker] o.s.s.web.DefaultSecurityFilterChain     : Will secure any request with [org.springframework.security.web.context.request.async.WebAsyncManagerIntegrationFilter@246b3c58, org.springframework.security.web.context.SecurityContextPersistenceFilter@1cd3a1ed, org.springframework.security.web.header.HeaderWriterFilter@6e7c2071, org.springframework.security.web.csrf.CsrfFilter@6c76326e, org.springframework.security.web.authentication.logout.LogoutFilter@79e26133, org.springframework.security.oauth2.client.web.OAuth2AuthorizationRequestRedirectFilter@2b467bc1, org.springframework.security.oauth2.client.web.OAuth2AuthorizationRequestRedirectFilter@4710db8a, org.springframework.security.oauth2.client.web.OAuth2LoginAuthenticationFilter@508fc6d2, org.springframework.security.web.authentication.ui.DefaultLoginPageGeneratingFilter@5836c4ff, org.springframework.security.web.authentication.ui.DefaultLogoutPageGeneratingFilter@6bc66645, org.springframework.security.web.savedrequest.RequestCacheAwareFilter@60c827af, org.springframework.security.web.servletapi.SecurityContextHolderAwareRequestFilter@6f38fc6f, org.springframework.security.web.authentication.AnonymousAuthenticationFilter@260f62fa, org.springframework.security.oauth2.client.web.OAuth2AuthorizationCodeGrantFilter@3b6edd4a, org.springframework.security.web.session.SessionManagementFilter@33c48a92, org.springframework.security.web.access.ExceptionTranslationFilter@4df6323a, org.springframework.security.web.access.intercept.FilterSecurityInterceptor@775f2038]
2021-04-26 17:02:50.360  INFO 8048 --- [    Test worker] o.s.b.t.m.w.SpringBootMockServletContext : Initializing Spring TestDispatcherServlet ''
2021-04-26 17:02:50.363  INFO 8048 --- [    Test worker] o.s.t.web.servlet.TestDispatcherServlet  : Initializing Servlet ''
2021-04-26 17:02:50.364  INFO 8048 --- [    Test worker] o.s.t.web.servlet.TestDispatcherServlet  : Completed initialization in 1 ms
2021-04-26 17:02:50.424  INFO 8048 --- [    Test worker] c.c.p.s.web.HelloControllerTest          : Started HelloControllerTest in 3.703 seconds (JVM running for 39.243)
]]></system-out>
  <system-err><![CDATA[]]></system-err>
</testsuite>
