<?xml version="1.0" encoding="UTF-8"?>
<testsuite name="com.clholdings.pass_shoot.springboot.web.HelloControllerTest" tests="2" skipped="0" failures="0" errors="0" timestamp="2021-04-26T03:41:00" hostname="DESKTOP-4PEE67V" time="0.279">
  <properties/>
  <testcase name="hello가_리턴된다()" classname="com.clholdings.pass_shoot.springboot.web.HelloControllerTest" time="0.102"/>
  <testcase name="helloDto가_리턴된다()" classname="com.clholdings.pass_shoot.springboot.web.HelloControllerTest" time="0.175"/>
  <system-out><![CDATA[2021-04-26 12:40:55.946  INFO 13124 --- [    Test worker] .b.t.a.w.s.WebMvcTestContextBootstrapper : Neither @ContextConfiguration nor @ContextHierarchy found for test class [com.clholdings.pass_shoot.springboot.web.HelloControllerTest], using SpringBootContextLoader
2021-04-26 12:40:55.977  INFO 13124 --- [    Test worker] o.s.t.c.support.AbstractContextLoader    : Could not detect default resource locations for test class [com.clholdings.pass_shoot.springboot.web.HelloControllerTest]: no resource found for suffixes {-context.xml, Context.groovy}.
2021-04-26 12:40:55.997  INFO 13124 --- [    Test worker] t.c.s.AnnotationConfigContextLoaderUtils : Could not detect default configuration classes for test class [com.clholdings.pass_shoot.springboot.web.HelloControllerTest]: HelloControllerTest does not declare any static, non-private, non-final, nested classes annotated with @Configuration.
2021-04-26 12:40:56.068  INFO 13124 --- [    Test worker] .b.t.c.SpringBootTestContextBootstrapper : Found @SpringBootConfiguration com.clholdings.pass_shoot.springboot.Application for test class com.clholdings.pass_shoot.springboot.web.HelloControllerTest
2021-04-26 12:40:56.073  INFO 13124 --- [    Test worker] .b.t.a.w.s.WebMvcTestContextBootstrapper : Loaded default TestExecutionListener class names from location [META-INF/spring.factories]: [org.springframework.security.test.context.support.WithSecurityContextTestExecutionListener, org.springframework.security.test.context.support.ReactorContextTestExecutionListener, org.springframework.boot.test.autoconfigure.restdocs.RestDocsTestExecutionListener, org.springframework.boot.test.autoconfigure.web.client.MockRestServiceServerResetTestExecutionListener, org.springframework.boot.test.autoconfigure.web.servlet.MockMvcPrintOnlyOnFailureTestExecutionListener, org.springframework.boot.test.autoconfigure.web.servlet.WebDriverTestExecutionListener, org.springframework.boot.test.autoconfigure.webservices.client.MockWebServiceServerTestExecutionListener, org.springframework.boot.test.mock.mockito.MockitoTestExecutionListener, org.springframework.boot.test.mock.mockito.ResetMocksTestExecutionListener, org.springframework.test.context.web.ServletTestExecutionListener, org.springframework.test.context.support.DirtiesContextBeforeModesTestExecutionListener, org.springframework.test.context.support.DependencyInjectionTestExecutionListener, org.springframework.test.context.support.DirtiesContextTestExecutionListener, org.springframework.test.context.transaction.TransactionalTestExecutionListener, org.springframework.test.context.jdbc.SqlScriptsTestExecutionListener, org.springframework.test.context.event.EventPublishingTestExecutionListener]
2021-04-26 12:40:56.086  INFO 13124 --- [    Test worker] .b.t.a.w.s.WebMvcTestContextBootstrapper : Using TestExecutionListeners: [org.springframework.test.context.web.ServletTestExecutionListener@3e10fc40, org.springframework.test.context.support.DirtiesContextBeforeModesTestExecutionListener@1b4a1f48, org.springframework.boot.test.mock.mockito.MockitoTestExecutionListener@6b0cceb2, org.springframework.boot.test.autoconfigure.SpringBootDependencyInjectionTestExecutionListener@3015af84, org.springframework.test.context.support.DirtiesContextTestExecutionListener@9dea73a, org.springframework.test.context.transaction.TransactionalTestExecutionListener@42a54916, org.springframework.test.context.jdbc.SqlScriptsTestExecutionListener@4fd176ae, org.springframework.security.test.context.support.WithSecurityContextTestExecutionListener@5225895f, org.springframework.test.context.event.EventPublishingTestExecutionListener@2e3e1356, org.springframework.security.test.context.support.ReactorContextTestExecutionListener@463b127e, org.springframework.boot.test.autoconfigure.restdocs.RestDocsTestExecutionListener@21b7811, org.springframework.boot.test.autoconfigure.web.client.MockRestServiceServerResetTestExecutionListener@7c0a667c, org.springframework.boot.test.autoconfigure.web.servlet.MockMvcPrintOnlyOnFailureTestExecutionListener@22f06e08, org.springframework.boot.test.autoconfigure.web.servlet.WebDriverTestExecutionListener@3cc620ca, org.springframework.boot.test.autoconfigure.webservices.client.MockWebServiceServerTestExecutionListener@65c41cb3, org.springframework.boot.test.mock.mockito.ResetMocksTestExecutionListener@4ad2aff1]

  .   ____          _            __ _ _
 /\\ / ___'_ __ _ _(_)_ __  __ _ \ \ \ \
( ( )\___ | '_ | '_| | '_ \/ _` | \ \ \ \
 \\/  ___)| |_)| | | | | || (_| |  ) ) ) )
  '  |____| .__|_| |_|_| |_\__, | / / / /
 =========|_|==============|___/=/_/_/_/
 :: Spring Boot ::                (v2.4.1)

2021-04-26 12:40:56.504  INFO 13124 --- [    Test worker] c.c.p.s.web.HelloControllerTest          : Starting HelloControllerTest using Java 1.8.0_261 on DESKTOP-4PEE67V with PID 13124 (started by ydbon in C:\Users\ydbon\IdeaProjects)
2021-04-26 12:40:56.508  INFO 13124 --- [    Test worker] c.c.p.s.web.HelloControllerTest          : No active profile set, falling back to default profiles: default
2021-04-26 12:40:58.771  INFO 13124 --- [    Test worker] o.s.s.concurrent.ThreadPoolTaskExecutor  : Initializing ExecutorService 'applicationTaskExecutor'
2021-04-26 12:40:58.903  INFO 13124 --- [    Test worker] o.s.b.a.w.s.WelcomePageHandlerMapping    : Adding welcome page template: index
2021-04-26 12:41:00.571  INFO 13124 --- [    Test worker] o.s.s.web.DefaultSecurityFilterChain     : Will secure any request with [org.springframework.security.web.context.request.async.WebAsyncManagerIntegrationFilter@177caca, org.springframework.security.web.context.SecurityContextPersistenceFilter@52cb3ef9, org.springframework.security.web.header.HeaderWriterFilter@2ad78e97, org.springframework.security.web.csrf.CsrfFilter@537f7d5c, org.springframework.security.web.authentication.logout.LogoutFilter@2c73957f, org.springframework.security.oauth2.client.web.OAuth2AuthorizationRequestRedirectFilter@30413c21, org.springframework.security.oauth2.client.web.OAuth2AuthorizationRequestRedirectFilter@2ab1e3ac, org.springframework.security.oauth2.client.web.OAuth2LoginAuthenticationFilter@f9e868c, org.springframework.security.web.authentication.ui.DefaultLoginPageGeneratingFilter@618370ac, org.springframework.security.web.authentication.ui.DefaultLogoutPageGeneratingFilter@331170, org.springframework.security.web.savedrequest.RequestCacheAwareFilter@67555d00, org.springframework.security.web.servletapi.SecurityContextHolderAwareRequestFilter@71e0d44b, org.springframework.security.web.authentication.AnonymousAuthenticationFilter@709fea47, org.springframework.security.oauth2.client.web.OAuth2AuthorizationCodeGrantFilter@50e40706, org.springframework.security.web.session.SessionManagementFilter@2ea930c, org.springframework.security.web.access.ExceptionTranslationFilter@77b84272, org.springframework.security.web.access.intercept.FilterSecurityInterceptor@593f86bd]
2021-04-26 12:41:00.852  INFO 13124 --- [    Test worker] o.s.b.t.m.w.SpringBootMockServletContext : Initializing Spring TestDispatcherServlet ''
2021-04-26 12:41:00.853  INFO 13124 --- [    Test worker] o.s.t.web.servlet.TestDispatcherServlet  : Initializing Servlet ''
2021-04-26 12:41:00.854  INFO 13124 --- [    Test worker] o.s.t.web.servlet.TestDispatcherServlet  : Completed initialization in 1 ms
2021-04-26 12:41:00.911  INFO 13124 --- [    Test worker] c.c.p.s.web.HelloControllerTest          : Started HelloControllerTest in 4.817 seconds (JVM running for 40.751)
]]></system-out>
  <system-err><![CDATA[]]></system-err>
</testsuite>
