<?xml version="1.0" encoding="UTF-8"?>
<testsuite name="com.clholdings.pass_shoot.springboot.web.HelloControllerTest" tests="2" skipped="0" failures="0" errors="0" timestamp="2021-04-18T15:21:58" hostname="DESKTOP-4PEE67V" time="0.23">
  <properties/>
  <testcase name="hello가_리턴된다()" classname="com.clholdings.pass_shoot.springboot.web.HelloControllerTest" time="0.098"/>
  <testcase name="helloDto가_리턴된다()" classname="com.clholdings.pass_shoot.springboot.web.HelloControllerTest" time="0.129"/>
  <system-out><![CDATA[2021-04-19 00:21:55.302  INFO 3440 --- [    Test worker] .b.t.a.w.s.WebMvcTestContextBootstrapper : Neither @ContextConfiguration nor @ContextHierarchy found for test class [com.clholdings.pass_shoot.springboot.web.HelloControllerTest], using SpringBootContextLoader
2021-04-19 00:21:55.309  INFO 3440 --- [    Test worker] o.s.t.c.support.AbstractContextLoader    : Could not detect default resource locations for test class [com.clholdings.pass_shoot.springboot.web.HelloControllerTest]: no resource found for suffixes {-context.xml, Context.groovy}.
2021-04-19 00:21:55.311  INFO 3440 --- [    Test worker] t.c.s.AnnotationConfigContextLoaderUtils : Could not detect default configuration classes for test class [com.clholdings.pass_shoot.springboot.web.HelloControllerTest]: HelloControllerTest does not declare any static, non-private, non-final, nested classes annotated with @Configuration.
2021-04-19 00:21:55.386  INFO 3440 --- [    Test worker] .b.t.c.SpringBootTestContextBootstrapper : Found @SpringBootConfiguration com.clholdings.pass_shoot.springboot.Application for test class com.clholdings.pass_shoot.springboot.web.HelloControllerTest
2021-04-19 00:21:55.388  INFO 3440 --- [    Test worker] .b.t.a.w.s.WebMvcTestContextBootstrapper : Loaded default TestExecutionListener class names from location [META-INF/spring.factories]: [org.springframework.security.test.context.support.WithSecurityContextTestExecutionListener, org.springframework.security.test.context.support.ReactorContextTestExecutionListener, org.springframework.boot.test.autoconfigure.restdocs.RestDocsTestExecutionListener, org.springframework.boot.test.autoconfigure.web.client.MockRestServiceServerResetTestExecutionListener, org.springframework.boot.test.autoconfigure.web.servlet.MockMvcPrintOnlyOnFailureTestExecutionListener, org.springframework.boot.test.autoconfigure.web.servlet.WebDriverTestExecutionListener, org.springframework.boot.test.autoconfigure.webservices.client.MockWebServiceServerTestExecutionListener, org.springframework.boot.test.mock.mockito.MockitoTestExecutionListener, org.springframework.boot.test.mock.mockito.ResetMocksTestExecutionListener, org.springframework.test.context.web.ServletTestExecutionListener, org.springframework.test.context.support.DirtiesContextBeforeModesTestExecutionListener, org.springframework.test.context.support.DependencyInjectionTestExecutionListener, org.springframework.test.context.support.DirtiesContextTestExecutionListener, org.springframework.test.context.transaction.TransactionalTestExecutionListener, org.springframework.test.context.jdbc.SqlScriptsTestExecutionListener, org.springframework.test.context.event.EventPublishingTestExecutionListener]
2021-04-19 00:21:55.391  INFO 3440 --- [    Test worker] .b.t.a.w.s.WebMvcTestContextBootstrapper : Using TestExecutionListeners: [org.springframework.test.context.web.ServletTestExecutionListener@6f27da55, org.springframework.test.context.support.DirtiesContextBeforeModesTestExecutionListener@5727dd17, org.springframework.boot.test.mock.mockito.MockitoTestExecutionListener@3af54225, org.springframework.boot.test.autoconfigure.SpringBootDependencyInjectionTestExecutionListener@7fcaa5c4, org.springframework.test.context.support.DirtiesContextTestExecutionListener@2eee3d1a, org.springframework.test.context.transaction.TransactionalTestExecutionListener@474892b5, org.springframework.test.context.jdbc.SqlScriptsTestExecutionListener@57bc1413, org.springframework.security.test.context.support.WithSecurityContextTestExecutionListener@7df27fa5, org.springframework.test.context.event.EventPublishingTestExecutionListener@22ab8bec, org.springframework.security.test.context.support.ReactorContextTestExecutionListener@21757836, org.springframework.boot.test.autoconfigure.restdocs.RestDocsTestExecutionListener@16defc87, org.springframework.boot.test.autoconfigure.web.client.MockRestServiceServerResetTestExecutionListener@78bfa6ae, org.springframework.boot.test.autoconfigure.web.servlet.MockMvcPrintOnlyOnFailureTestExecutionListener@6b5b6be, org.springframework.boot.test.autoconfigure.web.servlet.WebDriverTestExecutionListener@c0bda96, org.springframework.boot.test.autoconfigure.webservices.client.MockWebServiceServerTestExecutionListener@6dd03554, org.springframework.boot.test.mock.mockito.ResetMocksTestExecutionListener@68df6496]

  .   ____          _            __ _ _
 /\\ / ___'_ __ _ _(_)_ __  __ _ \ \ \ \
( ( )\___ | '_ | '_| | '_ \/ _` | \ \ \ \
 \\/  ___)| |_)| | | | | || (_| |  ) ) ) )
  '  |____| .__|_| |_|_| |_\__, | / / / /
 =========|_|==============|___/=/_/_/_/
 :: Spring Boot ::                (v2.4.1)

2021-04-19 00:21:55.493  INFO 3440 --- [    Test worker] c.c.p.s.web.HelloControllerTest          : Starting HelloControllerTest using Java 1.8.0_261 on DESKTOP-4PEE67V with PID 3440 (started by ydbon in C:\Users\ydbon\IdeaProjects)
2021-04-19 00:21:55.495  INFO 3440 --- [    Test worker] c.c.p.s.web.HelloControllerTest          : No active profile set, falling back to default profiles: default
2021-04-19 00:21:57.000  INFO 3440 --- [    Test worker] o.s.s.concurrent.ThreadPoolTaskExecutor  : Initializing ExecutorService 'applicationTaskExecutor'
2021-04-19 00:21:57.129  INFO 3440 --- [    Test worker] o.s.b.a.w.s.WelcomePageHandlerMapping    : Adding welcome page template: index
2021-04-19 00:21:58.356  INFO 3440 --- [    Test worker] o.s.s.web.DefaultSecurityFilterChain     : Will secure any request with [org.springframework.security.web.context.request.async.WebAsyncManagerIntegrationFilter@331170, org.springframework.security.web.context.SecurityContextPersistenceFilter@71e0d44b, org.springframework.security.web.header.HeaderWriterFilter@52cb3ef9, org.springframework.security.web.csrf.CsrfFilter@77b84272, org.springframework.security.web.authentication.logout.LogoutFilter@1636b25b, org.springframework.security.oauth2.client.web.OAuth2AuthorizationRequestRedirectFilter@f9e868c, org.springframework.security.oauth2.client.web.OAuth2AuthorizationRequestRedirectFilter@12acc85a, org.springframework.security.oauth2.client.web.OAuth2LoginAuthenticationFilter@2ab1e3ac, org.springframework.security.web.authentication.ui.DefaultLoginPageGeneratingFilter@132b331e, org.springframework.security.web.authentication.ui.DefaultLogoutPageGeneratingFilter@709fea47, org.springframework.security.web.savedrequest.RequestCacheAwareFilter@27c44b88, org.springframework.security.web.servletapi.SecurityContextHolderAwareRequestFilter@2c73957f, org.springframework.security.web.authentication.AnonymousAuthenticationFilter@6cff82eb, org.springframework.security.oauth2.client.web.OAuth2AuthorizationCodeGrantFilter@75ed2235, org.springframework.security.web.session.SessionManagementFilter@67555d00, org.springframework.security.web.access.ExceptionTranslationFilter@2ea930c, org.springframework.security.web.access.intercept.FilterSecurityInterceptor@30413c21]
2021-04-19 00:21:58.608  INFO 3440 --- [    Test worker] o.s.b.t.m.w.SpringBootMockServletContext : Initializing Spring TestDispatcherServlet ''
2021-04-19 00:21:58.610  INFO 3440 --- [    Test worker] o.s.t.web.servlet.TestDispatcherServlet  : Initializing Servlet ''
2021-04-19 00:21:58.612  INFO 3440 --- [    Test worker] o.s.t.web.servlet.TestDispatcherServlet  : Completed initialization in 1 ms
2021-04-19 00:21:58.655  INFO 3440 --- [    Test worker] c.c.p.s.web.HelloControllerTest          : Started HelloControllerTest in 3.256 seconds (JVM running for 37.578)
]]></system-out>
  <system-err><![CDATA[]]></system-err>
</testsuite>
