<?xml version="1.0" encoding="UTF-8"?>
<testsuite name="com.clholdings.pass_shoot.springboot.web.domain.posts.PostsRepositoryTest" tests="2" skipped="0" failures="0" errors="0" timestamp="2021-04-22T20:27:10" hostname="DESKTOP-4PEE67V" time="0.139">
  <properties/>
  <testcase name="게시글저장_불러오기()" classname="com.clholdings.pass_shoot.springboot.web.domain.posts.PostsRepositoryTest" time="0.095"/>
  <testcase name="BaseTimeEntity_등록()" classname="com.clholdings.pass_shoot.springboot.web.domain.posts.PostsRepositoryTest" time="0.042"/>
  <system-out><![CDATA[2021-04-23 05:26:54.456  INFO 3156 --- [    Test worker] .b.t.c.SpringBootTestContextBootstrapper : Neither @ContextConfiguration nor @ContextHierarchy found for test class [com.clholdings.pass_shoot.springboot.web.domain.posts.PostsRepositoryTest], using SpringBootContextLoader
2021-04-23 05:26:54.458  INFO 3156 --- [    Test worker] o.s.t.c.support.AbstractContextLoader    : Could not detect default resource locations for test class [com.clholdings.pass_shoot.springboot.web.domain.posts.PostsRepositoryTest]: no resource found for suffixes {-context.xml, Context.groovy}.
2021-04-23 05:26:54.459  INFO 3156 --- [    Test worker] t.c.s.AnnotationConfigContextLoaderUtils : Could not detect default configuration classes for test class [com.clholdings.pass_shoot.springboot.web.domain.posts.PostsRepositoryTest]: PostsRepositoryTest does not declare any static, non-private, non-final, nested classes annotated with @Configuration.
2021-04-23 05:26:54.638  INFO 3156 --- [    Test worker] .b.t.c.SpringBootTestContextBootstrapper : Found @SpringBootConfiguration com.clholdings.pass_shoot.springboot.Application for test class com.clholdings.pass_shoot.springboot.web.domain.posts.PostsRepositoryTest
2021-04-23 05:26:54.653  INFO 3156 --- [    Test worker] .b.t.c.SpringBootTestContextBootstrapper : Loaded default TestExecutionListener class names from location [META-INF/spring.factories]: [org.springframework.security.test.context.support.WithSecurityContextTestExecutionListener, org.springframework.security.test.context.support.ReactorContextTestExecutionListener, org.springframework.boot.test.autoconfigure.restdocs.RestDocsTestExecutionListener, org.springframework.boot.test.autoconfigure.web.client.MockRestServiceServerResetTestExecutionListener, org.springframework.boot.test.autoconfigure.web.servlet.MockMvcPrintOnlyOnFailureTestExecutionListener, org.springframework.boot.test.autoconfigure.web.servlet.WebDriverTestExecutionListener, org.springframework.boot.test.autoconfigure.webservices.client.MockWebServiceServerTestExecutionListener, org.springframework.boot.test.mock.mockito.MockitoTestExecutionListener, org.springframework.boot.test.mock.mockito.ResetMocksTestExecutionListener, org.springframework.test.context.web.ServletTestExecutionListener, org.springframework.test.context.support.DirtiesContextBeforeModesTestExecutionListener, org.springframework.test.context.support.DependencyInjectionTestExecutionListener, org.springframework.test.context.support.DirtiesContextTestExecutionListener, org.springframework.test.context.transaction.TransactionalTestExecutionListener, org.springframework.test.context.jdbc.SqlScriptsTestExecutionListener, org.springframework.test.context.event.EventPublishingTestExecutionListener]
2021-04-23 05:26:54.727  INFO 3156 --- [    Test worker] .b.t.c.SpringBootTestContextBootstrapper : Using TestExecutionListeners: [org.springframework.test.context.web.ServletTestExecutionListener@5f6d13f2, org.springframework.test.context.support.DirtiesContextBeforeModesTestExecutionListener@56268725, org.springframework.boot.test.mock.mockito.MockitoTestExecutionListener@268280eb, org.springframework.boot.test.autoconfigure.SpringBootDependencyInjectionTestExecutionListener@4672a452, org.springframework.test.context.support.DirtiesContextTestExecutionListener@71b7cded, org.springframework.test.context.transaction.TransactionalTestExecutionListener@134a6351, org.springframework.test.context.jdbc.SqlScriptsTestExecutionListener@217d3c0b, org.springframework.security.test.context.support.WithSecurityContextTestExecutionListener@727e4c42, org.springframework.test.context.event.EventPublishingTestExecutionListener@3de92f45, org.springframework.security.test.context.support.ReactorContextTestExecutionListener@7df98342, org.springframework.boot.test.autoconfigure.restdocs.RestDocsTestExecutionListener@352c6592, org.springframework.boot.test.autoconfigure.web.client.MockRestServiceServerResetTestExecutionListener@35303329, org.springframework.boot.test.autoconfigure.web.servlet.MockMvcPrintOnlyOnFailureTestExecutionListener@4157b1cd, org.springframework.boot.test.autoconfigure.web.servlet.WebDriverTestExecutionListener@7085c936, org.springframework.boot.test.autoconfigure.webservices.client.MockWebServiceServerTestExecutionListener@26533241, org.springframework.boot.test.mock.mockito.ResetMocksTestExecutionListener@12cef4d9]

  .   ____          _            __ _ _
 /\\ / ___'_ __ _ _(_)_ __  __ _ \ \ \ \
( ( )\___ | '_ | '_| | '_ \/ _` | \ \ \ \
 \\/  ___)| |_)| | | | | || (_| |  ) ) ) )
  '  |____| .__|_| |_|_| |_\__, | / / / /
 =========|_|==============|___/=/_/_/_/
 :: Spring Boot ::                (v2.4.1)

2021-04-23 05:26:55.804  INFO 3156 --- [    Test worker] c.c.p.s.w.d.posts.PostsRepositoryTest    : Starting PostsRepositoryTest using Java 1.8.0_261 on DESKTOP-4PEE67V with PID 3156 (started by ydbon in C:\Users\ydbon\IdeaProjects)
2021-04-23 05:26:55.818  INFO 3156 --- [    Test worker] c.c.p.s.w.d.posts.PostsRepositoryTest    : No active profile set, falling back to default profiles: default
2021-04-23 05:26:58.578  INFO 3156 --- [    Test worker] .s.d.r.c.RepositoryConfigurationDelegate : Bootstrapping Spring Data JPA repositories in DEFAULT mode.
2021-04-23 05:26:58.927  INFO 3156 --- [    Test worker] .s.d.r.c.RepositoryConfigurationDelegate : Finished Spring Data repository scanning in 346 ms. Found 2 JPA repository interfaces.
2021-04-23 05:27:00.817  INFO 3156 --- [    Test worker] com.zaxxer.hikari.HikariDataSource       : HikariPool-2 - Starting...
2021-04-23 05:27:00.829  INFO 3156 --- [    Test worker] com.zaxxer.hikari.HikariDataSource       : HikariPool-2 - Start completed.
2021-04-23 05:27:01.295  INFO 3156 --- [    Test worker] o.hibernate.jpa.internal.util.LogHelper  : HHH000204: Processing PersistenceUnitInfo [name: default]
2021-04-23 05:27:01.343  INFO 3156 --- [    Test worker] org.hibernate.dialect.Dialect            : HHH000400: Using dialect: org.hibernate.dialect.MySQL57Dialect
Hibernate: drop table if exists posts
Hibernate: drop table if exists user
Hibernate: create table posts (id bigint not null auto_increment, created_date datetime(6), modified_date datetime(6), author varchar(255), content TEXT not null, title varchar(500) not null, primary key (id)) engine=InnoDB
Hibernate: create table user (id bigint not null auto_increment, created_date datetime(6), modified_date datetime(6), email varchar(255) not null, name varchar(255) not null, picture varchar(255), role varchar(255) not null, primary key (id)) engine=InnoDB
2021-04-23 05:27:02.388  INFO 3156 --- [    Test worker] o.h.e.t.j.p.i.JtaPlatformInitiator       : HHH000490: Using JtaPlatform implementation: [org.hibernate.engine.transaction.jta.platform.internal.NoJtaPlatform]
2021-04-23 05:27:02.389  INFO 3156 --- [    Test worker] j.LocalContainerEntityManagerFactoryBean : Initialized JPA EntityManagerFactory for persistence unit 'default'
2021-04-23 05:27:04.540  WARN 3156 --- [    Test worker] JpaBaseConfiguration$JpaWebConfiguration : spring.jpa.open-in-view is enabled by default. Therefore, database queries may be performed during view rendering. Explicitly configure spring.jpa.open-in-view to disable this warning
2021-04-23 05:27:06.955  INFO 3156 --- [    Test worker] o.s.s.web.DefaultSecurityFilterChain     : Will secure any request with [org.springframework.security.web.context.request.async.WebAsyncManagerIntegrationFilter@12a459a2, org.springframework.security.web.context.SecurityContextPersistenceFilter@4c955a12, org.springframework.security.web.header.HeaderWriterFilter@16e54251, org.springframework.security.web.authentication.logout.LogoutFilter@7ef4a1c7, org.springframework.security.oauth2.client.web.OAuth2AuthorizationRequestRedirectFilter@3e5869e7, org.springframework.security.oauth2.client.web.OAuth2LoginAuthenticationFilter@1f9eea85, org.springframework.security.web.authentication.ui.DefaultLoginPageGeneratingFilter@5712d97d, org.springframework.security.web.authentication.ui.DefaultLogoutPageGeneratingFilter@164b40f4, org.springframework.security.web.savedrequest.RequestCacheAwareFilter@5e31b59b, org.springframework.security.web.servletapi.SecurityContextHolderAwareRequestFilter@627a83c6, org.springframework.security.web.authentication.AnonymousAuthenticationFilter@6ba1048b, org.springframework.security.web.session.SessionManagementFilter@2284502e, org.springframework.security.web.access.ExceptionTranslationFilter@32f4084b, org.springframework.security.web.access.intercept.FilterSecurityInterceptor@45c90fc3]
2021-04-23 05:27:08.836  INFO 3156 --- [    Test worker] o.s.s.concurrent.ThreadPoolTaskExecutor  : Initializing ExecutorService 'applicationTaskExecutor'
2021-04-23 05:27:09.021  INFO 3156 --- [    Test worker] o.s.b.a.h2.H2ConsoleAutoConfiguration    : H2 console available at '/h2-console'. Database available at 'jdbc:h2:mem:testdb'
2021-04-23 05:27:09.216  INFO 3156 --- [    Test worker] o.s.b.a.w.s.WelcomePageHandlerMapping    : Adding welcome page template: index
2021-04-23 05:27:10.432  INFO 3156 --- [    Test worker] s.a.ScheduledAnnotationBeanPostProcessor : No TaskScheduler/ScheduledExecutorService bean found for scheduled processing
2021-04-23 05:27:10.435  INFO 3156 --- [    Test worker] c.c.p.s.w.d.posts.PostsRepositoryTest    : Started PostsRepositoryTest in 15.578 seconds (JVM running for 48.363)
Hibernate: insert into posts (created_date, modified_date, author, content, title) values (?, ?, ?, ?, ?)
Hibernate: select posts0_.id as id1_0_, posts0_.created_date as created_2_0_, posts0_.modified_date as modified3_0_, posts0_.author as author4_0_, posts0_.content as content5_0_, posts0_.title as title6_0_ from posts posts0_
Hibernate: select posts0_.id as id1_0_, posts0_.created_date as created_2_0_, posts0_.modified_date as modified3_0_, posts0_.author as author4_0_, posts0_.content as content5_0_, posts0_.title as title6_0_ from posts posts0_
Hibernate: delete from posts where id=?
Hibernate: insert into posts (created_date, modified_date, author, content, title) values (?, ?, ?, ?, ?)
Hibernate: select posts0_.id as id1_0_, posts0_.created_date as created_2_0_, posts0_.modified_date as modified3_0_, posts0_.author as author4_0_, posts0_.content as content5_0_, posts0_.title as title6_0_ from posts posts0_
>>>>>>>>> createDate=2021-04-23T05:27:10.559, modifiedDate=2021-04-23T05:27:10.559
Hibernate: select posts0_.id as id1_0_, posts0_.created_date as created_2_0_, posts0_.modified_date as modified3_0_, posts0_.author as author4_0_, posts0_.content as content5_0_, posts0_.title as title6_0_ from posts posts0_
Hibernate: delete from posts where id=?
]]></system-out>
  <system-err><![CDATA[]]></system-err>
</testsuite>
