<?xml version="1.0" encoding="UTF-8"?>
<testsuite name="com.clholdings.pass_shoot.springboot.web.IndexControllerTest" tests="1" skipped="0" failures="0" errors="0" timestamp="2021-04-18T15:21:58" hostname="DESKTOP-4PEE67V" time="0.567">
  <properties/>
  <testcase name="메인페이지_로딩()" classname="com.clholdings.pass_shoot.springboot.web.IndexControllerTest" time="0.567"/>
  <system-out><![CDATA[2021-04-19 00:21:58.899  INFO 3440 --- [    Test worker] .b.t.c.SpringBootTestContextBootstrapper : Neither @ContextConfiguration nor @ContextHierarchy found for test class [com.clholdings.pass_shoot.springboot.web.IndexControllerTest], using SpringBootContextLoader
2021-04-19 00:21:58.906  INFO 3440 --- [    Test worker] o.s.t.c.support.AbstractContextLoader    : Could not detect default resource locations for test class [com.clholdings.pass_shoot.springboot.web.IndexControllerTest]: no resource found for suffixes {-context.xml, Context.groovy}.
2021-04-19 00:21:58.908  INFO 3440 --- [    Test worker] t.c.s.AnnotationConfigContextLoaderUtils : Could not detect default configuration classes for test class [com.clholdings.pass_shoot.springboot.web.IndexControllerTest]: IndexControllerTest does not declare any static, non-private, non-final, nested classes annotated with @Configuration.
2021-04-19 00:21:58.916  INFO 3440 --- [    Test worker] .b.t.c.SpringBootTestContextBootstrapper : Found @SpringBootConfiguration com.clholdings.pass_shoot.springboot.Application for test class com.clholdings.pass_shoot.springboot.web.IndexControllerTest
2021-04-19 00:21:58.927  INFO 3440 --- [    Test worker] .b.t.c.SpringBootTestContextBootstrapper : Loaded default TestExecutionListener class names from location [META-INF/spring.factories]: [org.springframework.security.test.context.support.WithSecurityContextTestExecutionListener, org.springframework.security.test.context.support.ReactorContextTestExecutionListener, org.springframework.boot.test.autoconfigure.restdocs.RestDocsTestExecutionListener, org.springframework.boot.test.autoconfigure.web.client.MockRestServiceServerResetTestExecutionListener, org.springframework.boot.test.autoconfigure.web.servlet.MockMvcPrintOnlyOnFailureTestExecutionListener, org.springframework.boot.test.autoconfigure.web.servlet.WebDriverTestExecutionListener, org.springframework.boot.test.autoconfigure.webservices.client.MockWebServiceServerTestExecutionListener, org.springframework.boot.test.mock.mockito.MockitoTestExecutionListener, org.springframework.boot.test.mock.mockito.ResetMocksTestExecutionListener, org.springframework.test.context.web.ServletTestExecutionListener, org.springframework.test.context.support.DirtiesContextBeforeModesTestExecutionListener, org.springframework.test.context.support.DependencyInjectionTestExecutionListener, org.springframework.test.context.support.DirtiesContextTestExecutionListener, org.springframework.test.context.transaction.TransactionalTestExecutionListener, org.springframework.test.context.jdbc.SqlScriptsTestExecutionListener, org.springframework.test.context.event.EventPublishingTestExecutionListener]
2021-04-19 00:21:58.939  INFO 3440 --- [    Test worker] .b.t.c.SpringBootTestContextBootstrapper : Using TestExecutionListeners: [org.springframework.test.context.web.ServletTestExecutionListener@775f6e0f, org.springframework.test.context.support.DirtiesContextBeforeModesTestExecutionListener@6b83dc0, org.springframework.boot.test.mock.mockito.MockitoTestExecutionListener@638545ae, org.springframework.boot.test.autoconfigure.SpringBootDependencyInjectionTestExecutionListener@1e60f94e, org.springframework.test.context.support.DirtiesContextTestExecutionListener@1243d39b, org.springframework.test.context.transaction.TransactionalTestExecutionListener@55d2aa2e, org.springframework.test.context.jdbc.SqlScriptsTestExecutionListener@1c333d0f, org.springframework.security.test.context.support.WithSecurityContextTestExecutionListener@5001d4e, org.springframework.test.context.event.EventPublishingTestExecutionListener@953d97e, org.springframework.security.test.context.support.ReactorContextTestExecutionListener@491081a0, org.springframework.boot.test.autoconfigure.restdocs.RestDocsTestExecutionListener@4c4e06c8, org.springframework.boot.test.autoconfigure.web.client.MockRestServiceServerResetTestExecutionListener@49218862, org.springframework.boot.test.autoconfigure.web.servlet.MockMvcPrintOnlyOnFailureTestExecutionListener@5e2e2011, org.springframework.boot.test.autoconfigure.web.servlet.WebDriverTestExecutionListener@137eb7f5, org.springframework.boot.test.autoconfigure.webservices.client.MockWebServiceServerTestExecutionListener@2f3a8b14, org.springframework.boot.test.mock.mockito.ResetMocksTestExecutionListener@6a9d7409]
2021-04-19 00:21:59.274  INFO 3440 --- [o-auto-1-exec-1] o.a.c.c.C.[Tomcat].[localhost].[/]       : Initializing Spring DispatcherServlet 'dispatcherServlet'
2021-04-19 00:21:59.275  INFO 3440 --- [o-auto-1-exec-1] o.s.web.servlet.DispatcherServlet        : Initializing Servlet 'dispatcherServlet'
2021-04-19 00:21:59.277  INFO 3440 --- [o-auto-1-exec-1] o.s.web.servlet.DispatcherServlet        : Completed initialization in 2 ms
Hibernate: select posts0_.id as id1_0_, posts0_.created_date as created_2_0_, posts0_.modified_date as modified3_0_, posts0_.author as author4_0_, posts0_.content as content5_0_, posts0_.title as title6_0_ from posts posts0_ order by posts0_.id DESC
]]></system-out>
  <system-err><![CDATA[]]></system-err>
</testsuite>
