<?xml version="1.0" encoding="UTF-8"?>
<testsuite name="com.clholdings.pass_shoot.springboot.web.HelloControllerTest" tests="2" skipped="0" failures="0" errors="0" timestamp="2021-04-22T20:27:15" hostname="DESKTOP-4PEE67V" time="0.67">
  <properties/>
  <testcase name="hello가_리턴된다()" classname="com.clholdings.pass_shoot.springboot.web.HelloControllerTest" time="0.119"/>
  <testcase name="helloDto가_리턴된다()" classname="com.clholdings.pass_shoot.springboot.web.HelloControllerTest" time="0.549"/>
  <system-out><![CDATA[2021-04-23 05:27:10.671  INFO 3156 --- [    Test worker] .b.t.a.w.s.WebMvcTestContextBootstrapper : Neither @ContextConfiguration nor @ContextHierarchy found for test class [com.clholdings.pass_shoot.springboot.web.HelloControllerTest], using SpringBootContextLoader
2021-04-23 05:27:10.681  INFO 3156 --- [    Test worker] o.s.t.c.support.AbstractContextLoader    : Could not detect default resource locations for test class [com.clholdings.pass_shoot.springboot.web.HelloControllerTest]: no resource found for suffixes {-context.xml, Context.groovy}.
2021-04-23 05:27:10.694  INFO 3156 --- [    Test worker] t.c.s.AnnotationConfigContextLoaderUtils : Could not detect default configuration classes for test class [com.clholdings.pass_shoot.springboot.web.HelloControllerTest]: HelloControllerTest does not declare any static, non-private, non-final, nested classes annotated with @Configuration.
2021-04-23 05:27:10.754  INFO 3156 --- [    Test worker] .b.t.c.SpringBootTestContextBootstrapper : Found @SpringBootConfiguration com.clholdings.pass_shoot.springboot.Application for test class com.clholdings.pass_shoot.springboot.web.HelloControllerTest
2021-04-23 05:27:10.759  INFO 3156 --- [    Test worker] .b.t.a.w.s.WebMvcTestContextBootstrapper : Loaded default TestExecutionListener class names from location [META-INF/spring.factories]: [org.springframework.security.test.context.support.WithSecurityContextTestExecutionListener, org.springframework.security.test.context.support.ReactorContextTestExecutionListener, org.springframework.boot.test.autoconfigure.restdocs.RestDocsTestExecutionListener, org.springframework.boot.test.autoconfigure.web.client.MockRestServiceServerResetTestExecutionListener, org.springframework.boot.test.autoconfigure.web.servlet.MockMvcPrintOnlyOnFailureTestExecutionListener, org.springframework.boot.test.autoconfigure.web.servlet.WebDriverTestExecutionListener, org.springframework.boot.test.autoconfigure.webservices.client.MockWebServiceServerTestExecutionListener, org.springframework.boot.test.mock.mockito.MockitoTestExecutionListener, org.springframework.boot.test.mock.mockito.ResetMocksTestExecutionListener, org.springframework.test.context.web.ServletTestExecutionListener, org.springframework.test.context.support.DirtiesContextBeforeModesTestExecutionListener, org.springframework.test.context.support.DependencyInjectionTestExecutionListener, org.springframework.test.context.support.DirtiesContextTestExecutionListener, org.springframework.test.context.transaction.TransactionalTestExecutionListener, org.springframework.test.context.jdbc.SqlScriptsTestExecutionListener, org.springframework.test.context.event.EventPublishingTestExecutionListener]
2021-04-23 05:27:10.765  INFO 3156 --- [    Test worker] .b.t.a.w.s.WebMvcTestContextBootstrapper : Using TestExecutionListeners: [org.springframework.test.context.web.ServletTestExecutionListener@51ceaebe, org.springframework.test.context.support.DirtiesContextBeforeModesTestExecutionListener@213e0fee, org.springframework.boot.test.mock.mockito.MockitoTestExecutionListener@5ff6e079, org.springframework.boot.test.autoconfigure.SpringBootDependencyInjectionTestExecutionListener@d793500, org.springframework.test.context.support.DirtiesContextTestExecutionListener@29e6c14f, org.springframework.test.context.transaction.TransactionalTestExecutionListener@7876eae2, org.springframework.test.context.jdbc.SqlScriptsTestExecutionListener@10eb38bd, org.springframework.security.test.context.support.WithSecurityContextTestExecutionListener@547ede95, org.springframework.test.context.event.EventPublishingTestExecutionListener@4b0d81ec, org.springframework.security.test.context.support.ReactorContextTestExecutionListener@4e34395, org.springframework.boot.test.autoconfigure.restdocs.RestDocsTestExecutionListener@4d84bd64, org.springframework.boot.test.autoconfigure.web.client.MockRestServiceServerResetTestExecutionListener@6fac4837, org.springframework.boot.test.autoconfigure.web.servlet.MockMvcPrintOnlyOnFailureTestExecutionListener@4809b6cf, org.springframework.boot.test.autoconfigure.web.servlet.WebDriverTestExecutionListener@56e8abb0, org.springframework.boot.test.autoconfigure.webservices.client.MockWebServiceServerTestExecutionListener@3eef5394, org.springframework.boot.test.mock.mockito.ResetMocksTestExecutionListener@338f498e]

  .   ____          _            __ _ _
 /\\ / ___'_ __ _ _(_)_ __  __ _ \ \ \ \
( ( )\___ | '_ | '_| | '_ \/ _` | \ \ \ \
 \\/  ___)| |_)| | | | | || (_| |  ) ) ) )
  '  |____| .__|_| |_|_| |_\__, | / / / /
 =========|_|==============|___/=/_/_/_/
 :: Spring Boot ::                (v2.4.1)

2021-04-23 05:27:10.855  INFO 3156 --- [    Test worker] c.c.p.s.web.HelloControllerTest          : Starting HelloControllerTest using Java 1.8.0_261 on DESKTOP-4PEE67V with PID 3156 (started by ydbon in C:\Users\ydbon\IdeaProjects)
2021-04-23 05:27:10.856  INFO 3156 --- [    Test worker] c.c.p.s.web.HelloControllerTest          : No active profile set, falling back to default profiles: default
2021-04-23 05:27:13.170  INFO 3156 --- [    Test worker] o.s.s.concurrent.ThreadPoolTaskExecutor  : Initializing ExecutorService 'applicationTaskExecutor'
2021-04-23 05:27:13.392  INFO 3156 --- [    Test worker] o.s.b.a.w.s.WelcomePageHandlerMapping    : Adding welcome page template: index
2021-04-23 05:27:15.231  INFO 3156 --- [    Test worker] o.s.s.web.DefaultSecurityFilterChain     : Will secure any request with [org.springframework.security.web.context.request.async.WebAsyncManagerIntegrationFilter@45270bd, org.springframework.security.web.context.SecurityContextPersistenceFilter@21bf0855, org.springframework.security.web.header.HeaderWriterFilter@689fdeb, org.springframework.security.web.csrf.CsrfFilter@2c08a992, org.springframework.security.web.authentication.logout.LogoutFilter@6ecc5fba, org.springframework.security.oauth2.client.web.OAuth2AuthorizationRequestRedirectFilter@3c8f2d6a, org.springframework.security.oauth2.client.web.OAuth2AuthorizationRequestRedirectFilter@5d0c9882, org.springframework.security.oauth2.client.web.OAuth2LoginAuthenticationFilter@1e3c418d, org.springframework.security.web.authentication.ui.DefaultLoginPageGeneratingFilter@38843a45, org.springframework.security.web.authentication.ui.DefaultLogoutPageGeneratingFilter@345163c1, org.springframework.security.web.savedrequest.RequestCacheAwareFilter@352c6640, org.springframework.security.web.servletapi.SecurityContextHolderAwareRequestFilter@7c03a3ab, org.springframework.security.web.authentication.AnonymousAuthenticationFilter@18f75111, org.springframework.security.oauth2.client.web.OAuth2AuthorizationCodeGrantFilter@44fd0ef4, org.springframework.security.web.session.SessionManagementFilter@6fa48091, org.springframework.security.web.access.ExceptionTranslationFilter@582995cf, org.springframework.security.web.access.intercept.FilterSecurityInterceptor@3b3361e9]
2021-04-23 05:27:15.840  INFO 3156 --- [    Test worker] o.s.b.t.m.w.SpringBootMockServletContext : Initializing Spring TestDispatcherServlet ''
2021-04-23 05:27:15.847  INFO 3156 --- [    Test worker] o.s.t.web.servlet.TestDispatcherServlet  : Initializing Servlet ''
2021-04-23 05:27:15.856  INFO 3156 --- [    Test worker] o.s.t.web.servlet.TestDispatcherServlet  : Completed initialization in 8 ms
2021-04-23 05:27:15.976  INFO 3156 --- [    Test worker] c.c.p.s.web.HelloControllerTest          : Started HelloControllerTest in 5.205 seconds (JVM running for 53.903)
]]></system-out>
  <system-err><![CDATA[]]></system-err>
</testsuite>
