<?xml version="1.0" encoding="UTF-8"?>
<testsuite name="com.clholdings.pass_shoot.springboot.web.domain.posts.PostsRepositoryTest" tests="2" skipped="0" failures="0" errors="0" timestamp="2021-04-26T03:40:55" hostname="DESKTOP-4PEE67V" time="0.208">
  <properties/>
  <testcase name="게시글저장_불러오기()" classname="com.clholdings.pass_shoot.springboot.web.domain.posts.PostsRepositoryTest" time="0.104"/>
  <testcase name="BaseTimeEntity_등록()" classname="com.clholdings.pass_shoot.springboot.web.domain.posts.PostsRepositoryTest" time="0.1"/>
  <system-out><![CDATA[2021-04-26 12:40:49.972  INFO 13124 --- [    Test worker] .b.t.c.SpringBootTestContextBootstrapper : Neither @ContextConfiguration nor @ContextHierarchy found for test class [com.clholdings.pass_shoot.springboot.web.domain.posts.PostsRepositoryTest], using SpringBootContextLoader
2021-04-26 12:40:49.977  INFO 13124 --- [    Test worker] o.s.t.c.support.AbstractContextLoader    : Could not detect default resource locations for test class [com.clholdings.pass_shoot.springboot.web.domain.posts.PostsRepositoryTest]: no resource found for suffixes {-context.xml, Context.groovy}.
2021-04-26 12:40:49.977  INFO 13124 --- [    Test worker] t.c.s.AnnotationConfigContextLoaderUtils : Could not detect default configuration classes for test class [com.clholdings.pass_shoot.springboot.web.domain.posts.PostsRepositoryTest]: PostsRepositoryTest does not declare any static, non-private, non-final, nested classes annotated with @Configuration.
2021-04-26 12:40:50.028  INFO 13124 --- [    Test worker] .b.t.c.SpringBootTestContextBootstrapper : Found @SpringBootConfiguration com.clholdings.pass_shoot.springboot.Application for test class com.clholdings.pass_shoot.springboot.web.domain.posts.PostsRepositoryTest
2021-04-26 12:40:50.063  INFO 13124 --- [    Test worker] .b.t.c.SpringBootTestContextBootstrapper : Loaded default TestExecutionListener class names from location [META-INF/spring.factories]: [org.springframework.security.test.context.support.WithSecurityContextTestExecutionListener, org.springframework.security.test.context.support.ReactorContextTestExecutionListener, org.springframework.boot.test.autoconfigure.restdocs.RestDocsTestExecutionListener, org.springframework.boot.test.autoconfigure.web.client.MockRestServiceServerResetTestExecutionListener, org.springframework.boot.test.autoconfigure.web.servlet.MockMvcPrintOnlyOnFailureTestExecutionListener, org.springframework.boot.test.autoconfigure.web.servlet.WebDriverTestExecutionListener, org.springframework.boot.test.autoconfigure.webservices.client.MockWebServiceServerTestExecutionListener, org.springframework.boot.test.mock.mockito.MockitoTestExecutionListener, org.springframework.boot.test.mock.mockito.ResetMocksTestExecutionListener, org.springframework.test.context.web.ServletTestExecutionListener, org.springframework.test.context.support.DirtiesContextBeforeModesTestExecutionListener, org.springframework.test.context.support.DependencyInjectionTestExecutionListener, org.springframework.test.context.support.DirtiesContextTestExecutionListener, org.springframework.test.context.transaction.TransactionalTestExecutionListener, org.springframework.test.context.jdbc.SqlScriptsTestExecutionListener, org.springframework.test.context.event.EventPublishingTestExecutionListener]
2021-04-26 12:40:50.065  INFO 13124 --- [    Test worker] .b.t.c.SpringBootTestContextBootstrapper : Using TestExecutionListeners: [org.springframework.test.context.web.ServletTestExecutionListener@4a850993, org.springframework.test.context.support.DirtiesContextBeforeModesTestExecutionListener@6283ba26, org.springframework.boot.test.mock.mockito.MockitoTestExecutionListener@2727cba9, org.springframework.boot.test.autoconfigure.SpringBootDependencyInjectionTestExecutionListener@5a03411c, org.springframework.test.context.support.DirtiesContextTestExecutionListener@38a8125e, org.springframework.test.context.transaction.TransactionalTestExecutionListener@4785cde7, org.springframework.test.context.jdbc.SqlScriptsTestExecutionListener@5e663c3d, org.springframework.security.test.context.support.WithSecurityContextTestExecutionListener@1e2d8d4c, org.springframework.test.context.event.EventPublishingTestExecutionListener@666f4635, org.springframework.security.test.context.support.ReactorContextTestExecutionListener@fec45ea, org.springframework.boot.test.autoconfigure.restdocs.RestDocsTestExecutionListener@608407fe, org.springframework.boot.test.autoconfigure.web.client.MockRestServiceServerResetTestExecutionListener@1231a14f, org.springframework.boot.test.autoconfigure.web.servlet.MockMvcPrintOnlyOnFailureTestExecutionListener@ef303d2, org.springframework.boot.test.autoconfigure.web.servlet.WebDriverTestExecutionListener@63ddd4f3, org.springframework.boot.test.autoconfigure.webservices.client.MockWebServiceServerTestExecutionListener@23268481, org.springframework.boot.test.mock.mockito.ResetMocksTestExecutionListener@3c027273]

  .   ____          _            __ _ _
 /\\ / ___'_ __ _ _(_)_ __  __ _ \ \ \ \
( ( )\___ | '_ | '_| | '_ \/ _` | \ \ \ \
 \\/  ___)| |_)| | | | | || (_| |  ) ) ) )
  '  |____| .__|_| |_|_| |_\__, | / / / /
 =========|_|==============|___/=/_/_/_/
 :: Spring Boot ::                (v2.4.1)

2021-04-26 12:40:50.177  INFO 13124 --- [    Test worker] c.c.p.s.w.d.posts.PostsRepositoryTest    : Starting PostsRepositoryTest using Java 1.8.0_261 on DESKTOP-4PEE67V with PID 13124 (started by ydbon in C:\Users\ydbon\IdeaProjects)
2021-04-26 12:40:50.179  INFO 13124 --- [    Test worker] c.c.p.s.w.d.posts.PostsRepositoryTest    : No active profile set, falling back to default profiles: default
2021-04-26 12:40:51.231  INFO 13124 --- [    Test worker] .s.d.r.c.RepositoryConfigurationDelegate : Bootstrapping Spring Data JPA repositories in DEFAULT mode.
2021-04-26 12:40:51.316  INFO 13124 --- [    Test worker] .s.d.r.c.RepositoryConfigurationDelegate : Finished Spring Data repository scanning in 79 ms. Found 2 JPA repository interfaces.
2021-04-26 12:40:51.869  INFO 13124 --- [    Test worker] com.zaxxer.hikari.HikariDataSource       : HikariPool-2 - Starting...
2021-04-26 12:40:51.873  INFO 13124 --- [    Test worker] com.zaxxer.hikari.HikariDataSource       : HikariPool-2 - Start completed.
2021-04-26 12:40:51.968  INFO 13124 --- [    Test worker] o.hibernate.jpa.internal.util.LogHelper  : HHH000204: Processing PersistenceUnitInfo [name: default]
2021-04-26 12:40:51.995  INFO 13124 --- [    Test worker] org.hibernate.dialect.Dialect            : HHH000400: Using dialect: org.hibernate.dialect.MySQL57Dialect
Hibernate: drop table if exists posts
Hibernate: drop table if exists user
Hibernate: create table posts (id bigint not null auto_increment, created_date datetime(6), modified_date datetime(6), author varchar(255), content TEXT not null, title varchar(500) not null, primary key (id)) engine=InnoDB
Hibernate: create table user (id bigint not null auto_increment, created_date datetime(6), modified_date datetime(6), email varchar(255) not null, name varchar(255) not null, picture varchar(255), role varchar(255) not null, primary key (id)) engine=InnoDB
2021-04-26 12:40:52.172  INFO 13124 --- [    Test worker] o.h.e.t.j.p.i.JtaPlatformInitiator       : HHH000490: Using JtaPlatform implementation: [org.hibernate.engine.transaction.jta.platform.internal.NoJtaPlatform]
2021-04-26 12:40:52.176  INFO 13124 --- [    Test worker] j.LocalContainerEntityManagerFactoryBean : Initialized JPA EntityManagerFactory for persistence unit 'default'
2021-04-26 12:40:52.762  WARN 13124 --- [    Test worker] JpaBaseConfiguration$JpaWebConfiguration : spring.jpa.open-in-view is enabled by default. Therefore, database queries may be performed during view rendering. Explicitly configure spring.jpa.open-in-view to disable this warning
2021-04-26 12:40:53.514  INFO 13124 --- [    Test worker] o.s.s.web.DefaultSecurityFilterChain     : Will secure any request with [org.springframework.security.web.context.request.async.WebAsyncManagerIntegrationFilter@68e333c0, org.springframework.security.web.context.SecurityContextPersistenceFilter@700b2ea4, org.springframework.security.web.header.HeaderWriterFilter@3aff54bf, org.springframework.security.web.authentication.logout.LogoutFilter@a0385c9, org.springframework.security.oauth2.client.web.OAuth2AuthorizationRequestRedirectFilter@37548e26, org.springframework.security.oauth2.client.web.OAuth2LoginAuthenticationFilter@452752ac, org.springframework.security.web.authentication.ui.DefaultLoginPageGeneratingFilter@552c5fed, org.springframework.security.web.authentication.ui.DefaultLogoutPageGeneratingFilter@7b3bc4, org.springframework.security.web.savedrequest.RequestCacheAwareFilter@42468905, org.springframework.security.web.servletapi.SecurityContextHolderAwareRequestFilter@2dc775e, org.springframework.security.web.authentication.AnonymousAuthenticationFilter@13cdb053, org.springframework.security.web.session.SessionManagementFilter@369c2777, org.springframework.security.web.access.ExceptionTranslationFilter@514c6676, org.springframework.security.web.access.intercept.FilterSecurityInterceptor@109f0dfd]
2021-04-26 12:40:54.254  INFO 13124 --- [    Test worker] o.s.s.concurrent.ThreadPoolTaskExecutor  : Initializing ExecutorService 'applicationTaskExecutor'
2021-04-26 12:40:54.314  INFO 13124 --- [    Test worker] o.s.b.a.h2.H2ConsoleAutoConfiguration    : H2 console available at '/h2-console'. Database available at 'jdbc:h2:mem:testdb'
2021-04-26 12:40:54.405  INFO 13124 --- [    Test worker] o.s.b.a.w.s.WelcomePageHandlerMapping    : Adding welcome page template: index
2021-04-26 12:40:55.654  INFO 13124 --- [    Test worker] s.a.ScheduledAnnotationBeanPostProcessor : No TaskScheduler/ScheduledExecutorService bean found for scheduled processing
2021-04-26 12:40:55.661  INFO 13124 --- [    Test worker] c.c.p.s.w.d.posts.PostsRepositoryTest    : Started PostsRepositoryTest in 5.575 seconds (JVM running for 35.501)
Hibernate: insert into posts (created_date, modified_date, author, content, title) values (?, ?, ?, ?, ?)
Hibernate: select posts0_.id as id1_0_, posts0_.created_date as created_2_0_, posts0_.modified_date as modified3_0_, posts0_.author as author4_0_, posts0_.content as content5_0_, posts0_.title as title6_0_ from posts posts0_
Hibernate: select posts0_.id as id1_0_, posts0_.created_date as created_2_0_, posts0_.modified_date as modified3_0_, posts0_.author as author4_0_, posts0_.content as content5_0_, posts0_.title as title6_0_ from posts posts0_
Hibernate: delete from posts where id=?
Hibernate: insert into posts (created_date, modified_date, author, content, title) values (?, ?, ?, ?, ?)
Hibernate: select posts0_.id as id1_0_, posts0_.created_date as created_2_0_, posts0_.modified_date as modified3_0_, posts0_.author as author4_0_, posts0_.content as content5_0_, posts0_.title as title6_0_ from posts posts0_
>>>>>>>>> createDate=2021-04-26T12:40:55.803, modifiedDate=2021-04-26T12:40:55.803
Hibernate: select posts0_.id as id1_0_, posts0_.created_date as created_2_0_, posts0_.modified_date as modified3_0_, posts0_.author as author4_0_, posts0_.content as content5_0_, posts0_.title as title6_0_ from posts posts0_
Hibernate: delete from posts where id=?
]]></system-out>
  <system-err><![CDATA[]]></system-err>
</testsuite>
